# JRE version: Java(TM) SE Runtime Environment (24.0.1+9) (build 24.0.1+9-30)
# Java VM: Java HotSpot(TM) 64-Bit Server VM (24.0.1+9-30, mixed mode, sharing, tiered, compressed oops, compressed class ptrs, g1 gc, windows-amd64)
GC Precious Log:
 CardTable entry size: 512
 Card Set container configuration: InlinePtr #cards 4 size 8 Array Of Cards #cards 16 size 48 Howl #buckets 8 coarsen threshold 3686 Howl Bitmap #cards 512 size 80 coarsen threshold 460 Card regions per heap region 1 cards per card region 4096
 CPUs: 4 total, 4 available
 Memory: 14277M
 Large Page Support: Disabled
 NUMA Support: Disabled
 Compressed Oops: Enabled (Zero based)
 Heap Region Size: 2M
 Heap Min Capacity: 8M
 Heap Initial Capacity: 224M
 Heap Max Capacity: 3570M
 Pre-touch: Disabled
 Parallel Workers: 4
 Concurrent Workers: 1
 Concurrent Refinement Workers: 4
 Periodic GC: Disabled
Heap:
 garbage-first heap   total reserved 3655680K, committed 61440K, used 38227K [0x0000000720e00000, 0x0000000800000000)
  region size 2048K, 9 young (18432K), 1 survivors (2048K)
 Metaspace       used 37269K, committed 37632K, reserved 1114112K
  class space    used 3889K, committed 4032K, reserved 1048576K
GC Heap History (14 events):
Event: 1.953 GC heap before
{Heap before GC invocations=0 (full 0):
 garbage-first heap   total reserved 3655680K, committed 231424K, used 29812K [0x0000000720e00000, 0x0000000800000000)
  region size 2048K, 14 young (28672K), 0 survivors (0K)
 Metaspace       used 8032K, committed 8256K, reserved 1114112K
  class space    used 687K, committed 768K, reserved 1048576K
}
Event: 2.012 GC heap after
{Heap after GC invocations=1 (full 0):
 garbage-first heap   total reserved 3655680K, committed 231424K, used 9844K [0x0000000720e00000, 0x0000000800000000)
  region size 2048K, 2 young (4096K), 2 survivors (4096K)
 Metaspace       used 8032K, committed 8256K, reserved 1114112K
  class space    used 687K, committed 768K, reserved 1048576K
}
Event: 4.400 GC heap before
{Heap before GC invocations=1 (full 0):
 garbage-first heap   total reserved 3655680K, committed 231424K, used 71284K [0x0000000720e00000, 0x0000000800000000)
  region size 2048K, 33 young (67584K), 2 survivors (4096K)
 Metaspace       used 21250K, committed 21504K, reserved 1114112K
  class space    used 2120K, committed 2240K, reserved 1048576K
}
Event: 4.409 GC heap after
{Heap after GC invocations=2 (full 0):
 garbage-first heap   total reserved 3655680K, committed 231424K, used 14128K [0x0000000720e00000, 0x0000000800000000)
  region size 2048K, 5 young (10240K), 5 survivors (10240K)
 Metaspace       used 21250K, committed 21504K, reserved 1114112K
  class space    used 2120K, committed 2240K, reserved 1048576K
}
Event: 5.599 GC heap before
{Heap before GC invocations=3 (full 0):
 garbage-first heap   total reserved 3655680K, committed 61440K, used 38704K [0x0000000720e00000, 0x0000000800000000)
  region size 2048K, 18 young (36864K), 5 survivors (10240K)
 Metaspace       used 25993K, committed 26304K, reserved 1114112K
  class space    used 2594K, committed 2752K, reserved 1048576K
}
Event: 5.610 GC heap after
{Heap after GC invocations=4 (full 0):
 garbage-first heap   total reserved 3655680K, committed 61440K, used 17550K [0x0000000720e00000, 0x0000000800000000)
  region size 2048K, 2 young (4096K), 2 survivors (4096K)
 Metaspace       used 25993K, committed 26304K, reserved 1114112K
  class space    used 2594K, committed 2752K, reserved 1048576K
}
Event: 7.223 GC heap before
{Heap before GC invocations=4 (full 0):
 garbage-first heap   total reserved 3655680K, committed 61440K, used 40078K [0x0000000720e00000, 0x0000000800000000)
  region size 2048K, 13 young (26624K), 2 survivors (4096K)
 Metaspace       used 27613K, committed 27968K, reserved 1114112K
  class space    used 2749K, committed 2880K, reserved 1048576K
}
Event: 7.229 GC heap after
{Heap after GC invocations=5 (full 0):
 garbage-first heap   total reserved 3655680K, committed 61440K, used 19112K [0x0000000720e00000, 0x0000000800000000)
  region size 2048K, 2 young (4096K), 2 survivors (4096K)
 Metaspace       used 27613K, committed 27968K, reserved 1114112K
  class space    used 2749K, committed 2880K, reserved 1048576K
}
Event: 9.049 GC heap before
{Heap before GC invocations=5 (full 0):
 garbage-first heap   total reserved 3655680K, committed 61440K, used 41640K [0x0000000720e00000, 0x0000000800000000)
  region size 2048K, 13 young (26624K), 2 survivors (4096K)
 Metaspace       used 30464K, committed 30784K, reserved 1114112K
  class space    used 3081K, committed 3200K, reserved 1048576K
}
Event: 9.053 GC heap after
{Heap after GC invocations=6 (full 0):
 garbage-first heap   total reserved 3655680K, committed 61440K, used 20992K [0x0000000720e00000, 0x0000000800000000)
  region size 2048K, 2 young (4096K), 2 survivors (4096K)
 Metaspace       used 30464K, committed 30784K, reserved 1114112K
  class space    used 3081K, committed 3200K, reserved 1048576K
}
Event: 11.830 GC heap before
{Heap before GC invocations=6 (full 0):
 garbage-first heap   total reserved 3655680K, committed 61440K, used 45568K [0x0000000720e00000, 0x0000000800000000)
  region size 2048K, 14 young (28672K), 2 survivors (4096K)
 Metaspace       used 34442K, committed 34752K, reserved 1114112K
  class space    used 3523K, committed 3648K, reserved 1048576K
}
Event: 11.835 GC heap after
{Heap after GC invocations=7 (full 0):
 garbage-first heap   total reserved 3655680K, committed 61440K, used 22918K [0x0000000720e00000, 0x0000000800000000)
  region size 2048K, 2 young (4096K), 2 survivors (4096K)
 Metaspace       used 34442K, committed 34752K, reserved 1114112K
  class space    used 3523K, committed 3648K, reserved 1048576K
}
Event: 12.758 GC heap before
{Heap before GC invocations=7 (full 0):
 garbage-first heap   total reserved 3655680K, committed 61440K, used 31110K [0x0000000720e00000, 0x0000000800000000)
  region size 2048K, 7 young (14336K), 2 survivors (4096K)
 Metaspace       used 35750K, committed 36096K, reserved 1114112K
  class space    used 3666K, committed 3776K, reserved 1048576K
}
Event: 12.762 GC heap after
{Heap after GC invocations=8 (full 0):
 garbage-first heap   total reserved 3655680K, committed 61440K, used 23891K [0x0000000720e00000, 0x0000000800000000)
  region size 2048K, 1 young (2048K), 1 survivors (2048K)
 Metaspace       used 35750K, committed 36096K, reserved 1114112K
  class space    used 3666K, committed 3776K, reserved 1048576K
}

