# JRE version: Java(TM) SE Runtime Environment (24.0.1+9) (build 24.0.1+9-30)
# Java VM: Java HotSpot(TM) 64-Bit Server VM (24.0.1+9-30, mixed mode, sharing, tiered, compressed oops, compressed class ptrs, g1 gc, windows-amd64)
GC Precious Log:
 CardTable entry size: 512
 Card Set container configuration: InlinePtr #cards 4 size 8 Array Of Cards #cards 16 size 48 Howl #buckets 8 coarsen threshold 3686 Howl Bitmap #cards 512 size 80 coarsen threshold 460 Card regions per heap region 1 cards per card region 4096
 CPUs: 4 total, 4 available
 Memory: 14277M
 Large Page Support: Disabled
 NUMA Support: Disabled
 Compressed Oops: Enabled (Zero based)
 Heap Region Size: 2M
 Heap Min Capacity: 8M
 Heap Initial Capacity: 224M
 Heap Max Capacity: 3570M
 Pre-touch: Disabled
 Parallel Workers: 4
 Concurrent Workers: 1
 Concurrent Refinement Workers: 4
 Periodic GC: Disabled
Heap:
 garbage-first heap   total reserved 3655680K, committed 55296K, used 37371K [0x0000000720e00000, 0x0000000800000000)
  region size 2048K, 10 young (20480K), 2 survivors (4096K)
 Metaspace       used 46440K, committed 46912K, reserved 1114112K
  class space    used 4847K, committed 5056K, reserved 1048576K
GC Heap History (18 events):
Event: 1.005 GC heap before
{Heap before GC invocations=0 (full 0):
 garbage-first heap   total reserved 3655680K, committed 231424K, used 27764K [0x0000000720e00000, 0x0000000800000000)
  region size 2048K, 14 young (28672K), 0 survivors (0K)
 Metaspace       used 6272K, committed 6528K, reserved 1114112K
  class space    used 589K, committed 704K, reserved 1048576K
}
Event: 1.011 GC heap after
{Heap after GC invocations=1 (full 0):
 garbage-first heap   total reserved 3655680K, committed 231424K, used 8711K [0x0000000720e00000, 0x0000000800000000)
  region size 2048K, 2 young (4096K), 2 survivors (4096K)
 Metaspace       used 6272K, committed 6528K, reserved 1114112K
  class space    used 589K, committed 704K, reserved 1048576K
}
Event: 2.847 GC heap before
{Heap before GC invocations=1 (full 0):
 garbage-first heap   total reserved 3655680K, committed 231424K, used 66055K [0x0000000720e00000, 0x0000000800000000)
  region size 2048K, 32 young (65536K), 2 survivors (4096K)
 Metaspace       used 21325K, committed 21504K, reserved 1114112K
  class space    used 2114K, committed 2176K, reserved 1048576K
}
Event: 2.854 GC heap after
{Heap after GC invocations=2 (full 0):
 garbage-first heap   total reserved 3655680K, committed 231424K, used 14284K [0x0000000720e00000, 0x0000000800000000)
  region size 2048K, 5 young (10240K), 5 survivors (10240K)
 Metaspace       used 21325K, committed 21504K, reserved 1114112K
  class space    used 2114K, committed 2176K, reserved 1048576K
}
Event: 5.175 GC heap before
{Heap before GC invocations=3 (full 0):
 garbage-first heap   total reserved 3655680K, committed 55296K, used 34764K [0x0000000720e00000, 0x0000000800000000)
  region size 2048K, 16 young (32768K), 5 survivors (10240K)
 Metaspace       used 23262K, committed 23488K, reserved 1114112K
  class space    used 2316K, committed 2432K, reserved 1048576K
}
Event: 5.185 GC heap after
{Heap after GC invocations=4 (full 0):
 garbage-first heap   total reserved 3655680K, committed 55296K, used 17208K [0x0000000720e00000, 0x0000000800000000)
  region size 2048K, 2 young (4096K), 2 survivors (4096K)
 Metaspace       used 23262K, committed 23488K, reserved 1114112K
  class space    used 2316K, committed 2432K, reserved 1048576K
}
Event: 5.939 GC heap before
{Heap before GC invocations=4 (full 0):
 garbage-first heap   total reserved 3655680K, committed 55296K, used 35640K [0x0000000720e00000, 0x0000000800000000)
  region size 2048K, 12 young (24576K), 2 survivors (4096K)
 Metaspace       used 25955K, committed 26240K, reserved 1114112K
  class space    used 2603K, committed 2688K, reserved 1048576K
}
Event: 5.945 GC heap after
{Heap after GC invocations=5 (full 0):
 garbage-first heap   total reserved 3655680K, committed 55296K, used 18848K [0x0000000720e00000, 0x0000000800000000)
  region size 2048K, 1 young (2048K), 1 survivors (2048K)
 Metaspace       used 25955K, committed 26240K, reserved 1114112K
  class space    used 2603K, committed 2688K, reserved 1048576K
}
Event: 6.999 GC heap before
{Heap before GC invocations=5 (full 0):
 garbage-first heap   total reserved 3655680K, committed 55296K, used 39328K [0x0000000720e00000, 0x0000000800000000)
  region size 2048K, 11 young (22528K), 1 survivors (2048K)
 Metaspace       used 28659K, committed 28992K, reserved 1114112K
  class space    used 2931K, committed 3072K, reserved 1048576K
}
Event: 7.004 GC heap after
{Heap after GC invocations=6 (full 0):
 garbage-first heap   total reserved 3655680K, committed 55296K, used 20264K [0x0000000720e00000, 0x0000000800000000)
  region size 2048K, 2 young (4096K), 2 survivors (4096K)
 Metaspace       used 28659K, committed 28992K, reserved 1114112K
  class space    used 2931K, committed 3072K, reserved 1048576K
}
Event: 7.843 GC heap before
{Heap before GC invocations=6 (full 0):
 garbage-first heap   total reserved 3655680K, committed 55296K, used 40744K [0x0000000720e00000, 0x0000000800000000)
  region size 2048K, 12 young (24576K), 2 survivors (4096K)
 Metaspace       used 33304K, committed 33664K, reserved 1114112K
  class space    used 3430K, committed 3584K, reserved 1048576K
}
Event: 7.851 GC heap after
{Heap after GC invocations=7 (full 0):
 garbage-first heap   total reserved 3655680K, committed 55296K, used 22153K [0x0000000720e00000, 0x0000000800000000)
  region size 2048K, 2 young (4096K), 2 survivors (4096K)
 Metaspace       used 33304K, committed 33664K, reserved 1114112K
  class space    used 3430K, committed 3584K, reserved 1048576K
}
Event: 8.274 GC heap before
{Heap before GC invocations=7 (full 0):
 garbage-first heap   total reserved 3655680K, committed 55296K, used 40585K [0x0000000720e00000, 0x0000000800000000)
  region size 2048K, 12 young (24576K), 2 survivors (4096K)
 Metaspace       used 35646K, committed 35968K, reserved 1114112K
  class space    used 3692K, committed 3840K, reserved 1048576K
}
Event: 8.279 GC heap after
{Heap after GC invocations=8 (full 0):
 garbage-first heap   total reserved 3655680K, committed 55296K, used 23456K [0x0000000720e00000, 0x0000000800000000)
  region size 2048K, 2 young (4096K), 2 survivors (4096K)
 Metaspace       used 35646K, committed 35968K, reserved 1114112K
  class space    used 3692K, committed 3840K, reserved 1048576K
}
Event: 8.941 GC heap before
{Heap before GC invocations=9 (full 0):
 garbage-first heap   total reserved 3655680K, committed 55296K, used 41888K [0x0000000720e00000, 0x0000000800000000)
  region size 2048K, 12 young (24576K), 2 survivors (4096K)
 Metaspace       used 37104K, committed 37504K, reserved 1114112K
  class space    used 3880K, committed 4032K, reserved 1048576K
}
Event: 8.947 GC heap after
{Heap after GC invocations=10 (full 0):
 garbage-first heap   total reserved 3655680K, committed 55296K, used 24658K [0x0000000720e00000, 0x0000000800000000)
  region size 2048K, 2 young (4096K), 2 survivors (4096K)
 Metaspace       used 37104K, committed 37504K, reserved 1114112K
  class space    used 3880K, committed 4032K, reserved 1048576K
}
Event: 9.260 GC heap before
{Heap before GC invocations=10 (full 0):
 garbage-first heap   total reserved 3655680K, committed 55296K, used 43090K [0x0000000720e00000, 0x0000000800000000)
  region size 2048K, 11 young (22528K), 2 survivors (4096K)
 Metaspace       used 38780K, committed 39232K, reserved 1114112K
  class space    used 4080K, committed 4224K, reserved 1048576K
}
Event: 9.266 GC heap after
{Heap after GC invocations=11 (full 0):
 garbage-first heap   total reserved 3655680K, committed 55296K, used 25083K [0x0000000720e00000, 0x0000000800000000)
  region size 2048K, 2 young (4096K), 2 survivors (4096K)
 Metaspace       used 38780K, committed 39232K, reserved 1114112K
  class space    used 4080K, committed 4224K, reserved 1048576K
}

