# JRE version: OpenJDK Runtime Environment Temurin-21.0.7+6 (21.0.7+6) (build 21.0.7+6-LTS)
# Java VM: OpenJDK 64-Bit Server VM Temurin-21.0.7+6 (21.0.7+6-LTS, mixed mode, sharing, tiered, compressed oops, compressed class ptrs, parallel gc, windows-amd64)
GC Precious Log:
 CardTable entry size: 512
 CPUs: 4 total, 4 available
 Memory: 14277M
 Large Page Support: Disabled
 NUMA Support: Disabled
 Compressed Oops: Enabled (32-bit)
 Alignments: Space 512K, Generation 512K, Heap 2M
 Heap Min Capacity: 100M
 Heap Initial Capacity: 100M
 Heap Max Capacity: 2G
 Pre-touch: Disabled
 Parallel Workers: 4
Heap:
 PSYoungGen      total 8192K, used 4297K [0x00000000d5580000, 0x00000000d6680000, 0x0000000100000000)
  eden space 7168K, 45% used [0x00000000d5580000,0x00000000d58b45b0,0x00000000d5c80000)
  from space 1024K, 99% used [0x00000000d5d00000,0x00000000d5dfe118,0x00000000d5e00000)
  to   space 5120K, 0% used [0x00000000d6180000,0x00000000d6180000,0x00000000d6680000)
 ParOldGen       total 683520K, used 683364K [0x0000000080000000, 0x00000000a9b80000, 0x00000000d5580000)
  object space 683520K, 99% used [0x0000000080000000,0x00000000a9b59118,0x00000000a9b80000)
 Metaspace       used 91898K, committed 93504K, reserved 1179648K
  class space    used 9152K, committed 9856K, reserved 1048576K
GC Heap History (20 events):
Event: 15159.145 GC heap before
{Heap before GC invocations=1843 (full 5):
 PSYoungGen      total 5632K, used 5600K [0x00000000d5580000, 0x00000000d6000000, 0x0000000100000000)
  eden space 4608K, 100% used [0x00000000d5580000,0x00000000d5a00000,0x00000000d5a00000)
  from space 1024K, 96% used [0x00000000d5d80000,0x00000000d5e78010,0x00000000d5e80000)
  to   space 1536K, 0% used [0x00000000d5e80000,0x00000000d5e80000,0x00000000d6000000)
 ParOldGen       total 675840K, used 675450K [0x0000000080000000, 0x00000000a9400000, 0x00000000d5580000)
  object space 675840K, 99% used [0x0000000080000000,0x00000000a939eaf0,0x00000000a9400000)
 Metaspace       used 91890K, committed 93504K, reserved 1179648K
  class space    used 9152K, committed 9856K, reserved 1048576K
}
Event: 15159.148 GC heap after
{Heap after GC invocations=1843 (full 5):
 PSYoungGen      total 5632K, used 544K [0x00000000d5580000, 0x00000000d5f80000, 0x0000000100000000)
  eden space 4608K, 0% used [0x00000000d5580000,0x00000000d5580000,0x00000000d5a00000)
  from space 1024K, 53% used [0x00000000d5e80000,0x00000000d5f08000,0x00000000d5f80000)
  to   space 1536K, 0% used [0x00000000d5c80000,0x00000000d5c80000,0x00000000d5e00000)
 ParOldGen       total 676864K, used 676450K [0x0000000080000000, 0x00000000a9500000, 0x00000000d5580000)
  object space 676864K, 99% used [0x0000000080000000,0x00000000a9498b00,0x00000000a9500000)
 Metaspace       used 91890K, committed 93504K, reserved 1179648K
  class space    used 9152K, committed 9856K, reserved 1048576K
}
Event: 15159.162 GC heap before
{Heap before GC invocations=1844 (full 5):
 PSYoungGen      total 5632K, used 5152K [0x00000000d5580000, 0x00000000d5f80000, 0x0000000100000000)
  eden space 4608K, 100% used [0x00000000d5580000,0x00000000d5a00000,0x00000000d5a00000)
  from space 1024K, 53% used [0x00000000d5e80000,0x00000000d5f08000,0x00000000d5f80000)
  to   space 1536K, 0% used [0x00000000d5c80000,0x00000000d5c80000,0x00000000d5e00000)
 ParOldGen       total 676864K, used 676450K [0x0000000080000000, 0x00000000a9500000, 0x00000000d5580000)
  object space 676864K, 99% used [0x0000000080000000,0x00000000a9498b00,0x00000000a9500000)
 Metaspace       used 91890K, committed 93504K, reserved 1179648K
  class space    used 9152K, committed 9856K, reserved 1048576K
}
Event: 15159.165 GC heap after
{Heap after GC invocations=1844 (full 5):
 PSYoungGen      total 6144K, used 448K [0x00000000d5580000, 0x00000000d5f00000, 0x0000000100000000)
  eden space 4608K, 0% used [0x00000000d5580000,0x00000000d5580000,0x00000000d5a00000)
  from space 1536K, 29% used [0x00000000d5c80000,0x00000000d5cf0020,0x00000000d5e00000)
  to   space 1024K, 0% used [0x00000000d5e00000,0x00000000d5e00000,0x00000000d5f00000)
 ParOldGen       total 677376K, used 676932K [0x0000000080000000, 0x00000000a9580000, 0x00000000d5580000)
  object space 677376K, 99% used [0x0000000080000000,0x00000000a9511100,0x00000000a9580000)
 Metaspace       used 91890K, committed 93504K, reserved 1179648K
  class space    used 9152K, committed 9856K, reserved 1048576K
}
Event: 15159.323 GC heap before
{Heap before GC invocations=1845 (full 5):
 PSYoungGen      total 6144K, used 5056K [0x00000000d5580000, 0x00000000d5f00000, 0x0000000100000000)
  eden space 4608K, 100% used [0x00000000d5580000,0x00000000d5a00000,0x00000000d5a00000)
  from space 1536K, 29% used [0x00000000d5c80000,0x00000000d5cf0020,0x00000000d5e00000)
  to   space 1024K, 0% used [0x00000000d5e00000,0x00000000d5e00000,0x00000000d5f00000)
 ParOldGen       total 677376K, used 676932K [0x0000000080000000, 0x00000000a9580000, 0x00000000d5580000)
  object space 677376K, 99% used [0x0000000080000000,0x00000000a9511100,0x00000000a9580000)
 Metaspace       used 91891K, committed 93504K, reserved 1179648K
  class space    used 9152K, committed 9856K, reserved 1048576K
}
Event: 15159.324 GC heap after
{Heap after GC invocations=1845 (full 5):
 PSYoungGen      total 5632K, used 548K [0x00000000d5580000, 0x00000000d5f00000, 0x0000000100000000)
  eden space 4608K, 0% used [0x00000000d5580000,0x00000000d5580000,0x00000000d5a00000)
  from space 1024K, 53% used [0x00000000d5e00000,0x00000000d5e89210,0x00000000d5f00000)
  to   space 1024K, 0% used [0x00000000d5d00000,0x00000000d5d00000,0x00000000d5e00000)
 ParOldGen       total 677376K, used 677284K [0x0000000080000000, 0x00000000a9580000, 0x00000000d5580000)
  object space 677376K, 99% used [0x0000000080000000,0x00000000a9569140,0x00000000a9580000)
 Metaspace       used 91891K, committed 93504K, reserved 1179648K
  class space    used 9152K, committed 9856K, reserved 1048576K
}
Event: 15159.334 GC heap before
{Heap before GC invocations=1846 (full 5):
 PSYoungGen      total 5632K, used 5156K [0x00000000d5580000, 0x00000000d5f00000, 0x0000000100000000)
  eden space 4608K, 100% used [0x00000000d5580000,0x00000000d5a00000,0x00000000d5a00000)
  from space 1024K, 53% used [0x00000000d5e00000,0x00000000d5e89210,0x00000000d5f00000)
  to   space 1024K, 0% used [0x00000000d5d00000,0x00000000d5d00000,0x00000000d5e00000)
 ParOldGen       total 677376K, used 677284K [0x0000000080000000, 0x00000000a9580000, 0x00000000d5580000)
  object space 677376K, 99% used [0x0000000080000000,0x00000000a9569140,0x00000000a9580000)
 Metaspace       used 91891K, committed 93504K, reserved 1179648K
  class space    used 9152K, committed 9856K, reserved 1048576K
}
Event: 15159.336 GC heap after
{Heap after GC invocations=1846 (full 5):
 PSYoungGen      total 5632K, used 448K [0x00000000d5580000, 0x00000000d5e80000, 0x0000000100000000)
  eden space 4608K, 0% used [0x00000000d5580000,0x00000000d5580000,0x00000000d5a00000)
  from space 1024K, 43% used [0x00000000d5d00000,0x00000000d5d70000,0x00000000d5e00000)
  to   space 512K, 0% used [0x00000000d5e00000,0x00000000d5e00000,0x00000000d5e80000)
 ParOldGen       total 677888K, used 677774K [0x0000000080000000, 0x00000000a9600000, 0x00000000d5580000)
  object space 677888K, 99% used [0x0000000080000000,0x00000000a95e38d8,0x00000000a9600000)
 Metaspace       used 91891K, committed 93504K, reserved 1179648K
  class space    used 9152K, committed 9856K, reserved 1048576K
}
Event: 15159.343 GC heap before
{Heap before GC invocations=1847 (full 5):
 PSYoungGen      total 5632K, used 5055K [0x00000000d5580000, 0x00000000d5e80000, 0x0000000100000000)
  eden space 4608K, 99% used [0x00000000d5580000,0x00000000d59fffd0,0x00000000d5a00000)
  from space 1024K, 43% used [0x00000000d5d00000,0x00000000d5d70000,0x00000000d5e00000)
  to   space 512K, 0% used [0x00000000d5e00000,0x00000000d5e00000,0x00000000d5e80000)
 ParOldGen       total 677888K, used 677774K [0x0000000080000000, 0x00000000a9600000, 0x00000000d5580000)
  object space 677888K, 99% used [0x0000000080000000,0x00000000a95e38d8,0x00000000a9600000)
 Metaspace       used 91891K, committed 93504K, reserved 1179648K
  class space    used 9152K, committed 9856K, reserved 1048576K
}
Event: 15159.345 GC heap after
{Heap after GC invocations=1847 (full 5):
 PSYoungGen      total 5120K, used 464K [0x00000000d5580000, 0x00000000d5e80000, 0x0000000100000000)
  eden space 4608K, 0% used [0x00000000d5580000,0x00000000d5580000,0x00000000d5a00000)
  from space 512K, 90% used [0x00000000d5e00000,0x00000000d5e74010,0x00000000d5e80000)
  to   space 512K, 0% used [0x00000000d5d80000,0x00000000d5d80000,0x00000000d5e00000)
 ParOldGen       total 678400K, used 678178K [0x0000000080000000, 0x00000000a9680000, 0x00000000d5580000)
  object space 678400K, 99% used [0x0000000080000000,0x00000000a9648aa0,0x00000000a9680000)
 Metaspace       used 91891K, committed 93504K, reserved 1179648K
  class space    used 9152K, committed 9856K, reserved 1048576K
}
Event: 15159.350 GC heap before
{Heap before GC invocations=1848 (full 5):
 PSYoungGen      total 5120K, used 5072K [0x00000000d5580000, 0x00000000d5e80000, 0x0000000100000000)
  eden space 4608K, 100% used [0x00000000d5580000,0x00000000d5a00000,0x00000000d5a00000)
  from space 512K, 90% used [0x00000000d5e00000,0x00000000d5e74010,0x00000000d5e80000)
  to   space 512K, 0% used [0x00000000d5d80000,0x00000000d5d80000,0x00000000d5e00000)
 ParOldGen       total 678400K, used 678178K [0x0000000080000000, 0x00000000a9680000, 0x00000000d5580000)
  object space 678400K, 99% used [0x0000000080000000,0x00000000a9648aa0,0x00000000a9680000)
 Metaspace       used 91891K, committed 93504K, reserved 1179648K
  class space    used 9152K, committed 9856K, reserved 1048576K
}
Event: 15159.353 GC heap after
{Heap after GC invocations=1848 (full 5):
 PSYoungGen      total 5120K, used 368K [0x00000000d5580000, 0x00000000d5e80000, 0x0000000100000000)
  eden space 4608K, 0% used [0x00000000d5580000,0x00000000d5580000,0x00000000d5a00000)
  from space 512K, 71% used [0x00000000d5d80000,0x00000000d5ddc010,0x00000000d5e00000)
  to   space 512K, 0% used [0x00000000d5e00000,0x00000000d5e00000,0x00000000d5e80000)
 ParOldGen       total 678912K, used 678543K [0x0000000080000000, 0x00000000a9700000, 0x00000000d5580000)
  object space 678912K, 99% used [0x0000000080000000,0x00000000a96a3f00,0x00000000a9700000)
 Metaspace       used 91891K, committed 93504K, reserved 1179648K
  class space    used 9152K, committed 9856K, reserved 1048576K
}
Event: 15159.356 GC heap before
{Heap before GC invocations=1849 (full 5):
 PSYoungGen      total 5120K, used 4976K [0x00000000d5580000, 0x00000000d5e80000, 0x0000000100000000)
  eden space 4608K, 100% used [0x00000000d5580000,0x00000000d5a00000,0x00000000d5a00000)
  from space 512K, 71% used [0x00000000d5d80000,0x00000000d5ddc010,0x00000000d5e00000)
  to   space 512K, 0% used [0x00000000d5e00000,0x00000000d5e00000,0x00000000d5e80000)
 ParOldGen       total 678912K, used 678543K [0x0000000080000000, 0x00000000a9700000, 0x00000000d5580000)
  object space 678912K, 99% used [0x0000000080000000,0x00000000a96a3f00,0x00000000a9700000)
 Metaspace       used 91891K, committed 93504K, reserved 1179648K
  class space    used 9152K, committed 9856K, reserved 1048576K
}
Event: 15159.358 GC heap after
{Heap after GC invocations=1849 (full 5):
 PSYoungGen      total 6144K, used 384K [0x00000000d5580000, 0x00000000d5e80000, 0x0000000100000000)
  eden space 5632K, 0% used [0x00000000d5580000,0x00000000d5580000,0x00000000d5b00000)
  from space 512K, 75% used [0x00000000d5e00000,0x00000000d5e60020,0x00000000d5e80000)
  to   space 512K, 0% used [0x00000000d5d80000,0x00000000d5d80000,0x00000000d5e00000)
 ParOldGen       total 678912K, used 678903K [0x0000000080000000, 0x00000000a9700000, 0x00000000d5580000)
  object space 678912K, 99% used [0x0000000080000000,0x00000000a96fdf60,0x00000000a9700000)
 Metaspace       used 91891K, committed 93504K, reserved 1179648K
  class space    used 9152K, committed 9856K, reserved 1048576K
}
Event: 15159.364 GC heap before
{Heap before GC invocations=1850 (full 5):
 PSYoungGen      total 6144K, used 6016K [0x00000000d5580000, 0x00000000d5e80000, 0x0000000100000000)
  eden space 5632K, 100% used [0x00000000d5580000,0x00000000d5b00000,0x00000000d5b00000)
  from space 512K, 75% used [0x00000000d5e00000,0x00000000d5e60020,0x00000000d5e80000)
  to   space 512K, 0% used [0x00000000d5d80000,0x00000000d5d80000,0x00000000d5e00000)
 ParOldGen       total 678912K, used 678903K [0x0000000080000000, 0x00000000a9700000, 0x00000000d5580000)
  object space 678912K, 99% used [0x0000000080000000,0x00000000a96fdf60,0x00000000a9700000)
 Metaspace       used 91891K, committed 93504K, reserved 1179648K
  class space    used 9152K, committed 9856K, reserved 1048576K
}
Event: 15159.365 GC heap after
{Heap after GC invocations=1850 (full 5):
 PSYoungGen      total 7680K, used 512K [0x00000000d5580000, 0x00000000d5f80000, 0x0000000100000000)
  eden space 7168K, 0% used [0x00000000d5580000,0x00000000d5580000,0x00000000d5c80000)
  from space 512K, 100% used [0x00000000d5d80000,0x00000000d5e00000,0x00000000d5e00000)
  to   space 1536K, 0% used [0x00000000d5e00000,0x00000000d5e00000,0x00000000d5f80000)
 ParOldGen       total 679424K, used 679407K [0x0000000080000000, 0x00000000a9780000, 0x00000000d5580000)
  object space 679424K, 99% used [0x0000000080000000,0x00000000a977bfe0,0x00000000a9780000)
 Metaspace       used 91891K, committed 93504K, reserved 1179648K
  class space    used 9152K, committed 9856K, reserved 1048576K
}
Event: 15160.170 GC heap before
{Heap before GC invocations=1851 (full 5):
 PSYoungGen      total 7680K, used 7679K [0x00000000d5580000, 0x00000000d5f80000, 0x0000000100000000)
  eden space 7168K, 99% used [0x00000000d5580000,0x00000000d5c7fff8,0x00000000d5c80000)
  from space 512K, 100% used [0x00000000d5d80000,0x00000000d5e00000,0x00000000d5e00000)
  to   space 1536K, 0% used [0x00000000d5e00000,0x00000000d5e00000,0x00000000d5f80000)
 ParOldGen       total 679424K, used 679407K [0x0000000080000000, 0x00000000a9780000, 0x00000000d5580000)
  object space 679424K, 99% used [0x0000000080000000,0x00000000a977bfe0,0x00000000a9780000)
 Metaspace       used 91897K, committed 93504K, reserved 1179648K
  class space    used 9152K, committed 9856K, reserved 1048576K
}
Event: 15160.174 GC heap after
{Heap after GC invocations=1851 (full 5):
 PSYoungGen      total 8192K, used 800K [0x00000000d5580000, 0x00000000d5f00000, 0x0000000100000000)
  eden space 7168K, 0% used [0x00000000d5580000,0x00000000d5580000,0x00000000d5c80000)
  from space 1024K, 78% used [0x00000000d5e00000,0x00000000d5ec8000,0x00000000d5f00000)
  to   space 1024K, 0% used [0x00000000d5d00000,0x00000000d5d00000,0x00000000d5e00000)
 ParOldGen       total 679936K, used 679893K [0x0000000080000000, 0x00000000a9800000, 0x00000000d5580000)
  object space 679936K, 99% used [0x0000000080000000,0x00000000a97f5410,0x00000000a9800000)
 Metaspace       used 91897K, committed 93504K, reserved 1179648K
  class space    used 9152K, committed 9856K, reserved 1048576K
}
Event: 15160.199 GC heap before
{Heap before GC invocations=1852 (full 5):
 PSYoungGen      total 8192K, used 7926K [0x00000000d5580000, 0x00000000d5f00000, 0x0000000100000000)
  eden space 7168K, 99% used [0x00000000d5580000,0x00000000d5c759b0,0x00000000d5c80000)
  from space 1024K, 78% used [0x00000000d5e00000,0x00000000d5ec8000,0x00000000d5f00000)
  to   space 1024K, 0% used [0x00000000d5d00000,0x00000000d5d00000,0x00000000d5e00000)
 ParOldGen       total 679936K, used 679893K [0x0000000080000000, 0x00000000a9800000, 0x00000000d5580000)
  object space 679936K, 99% used [0x0000000080000000,0x00000000a97f5410,0x00000000a9800000)
 Metaspace       used 91898K, committed 93504K, reserved 1179648K
  class space    used 9152K, committed 9856K, reserved 1048576K
}
Event: 15160.202 GC heap after
{Heap after GC invocations=1852 (full 5):
 PSYoungGen      total 8192K, used 1016K [0x00000000d5580000, 0x00000000d6680000, 0x0000000100000000)
  eden space 7168K, 0% used [0x00000000d5580000,0x00000000d5580000,0x00000000d5c80000)
  from space 1024K, 99% used [0x00000000d5d00000,0x00000000d5dfe118,0x00000000d5e00000)
  to   space 5120K, 0% used [0x00000000d6180000,0x00000000d6180000,0x00000000d6680000)
 ParOldGen       total 683520K, used 683364K [0x0000000080000000, 0x00000000a9b80000, 0x00000000d5580000)
  object space 683520K, 99% used [0x0000000080000000,0x00000000a9b59118,0x00000000a9b80000)
 Metaspace       used 91898K, committed 93504K, reserved 1179648K
  class space    used 9152K, committed 9856K, reserved 1048576K
}

